<?xml version="1.0" encoding="UTF-8"?>
<!-- Generated by org.testng.reporters.JUnitXMLReporter -->
<testsuite ignored="0" hostname="NBDLH6PY3H2" failures="1" tests="3" name="LoginTest" time="10.868" errors="0" timestamp="2019-12-26T22:24:52 EST">
  <testcase classname="Test.Customer" name="@AfterTest Logout" time="0.001">
    <failure type="java.lang.NullPointerException">
      <![CDATA[java.lang.NullPointerException
at Test.Customer.Logout(Customer.java:86)
... Removed 24 stack frames]]>
    </failure>
  </testcase> <!-- @AfterTest Logout -->
  <testcase classname="Test.LoginTest" name="Login" time="5.377"/>
  <testcase classname="Test.LoginTest" name="Admin" time="3.153"/>
  <testcase classname="Test.Customer" name="AddCustomer" time="0.002">
    <failure type="java.lang.NullPointerException">
      <![CDATA[java.lang.NullPointerException
at Test.Customer.AddCustomer(Customer.java:21)
at java.base/java.util.ArrayList.forEach(ArrayList.java:1540)
... Removed 27 stack frames]]>
    </failure>
  </testcase> <!-- AddCustomer -->
</testsuite> <!-- LoginTest -->
