<?xml version="1.0" encoding="UTF-8"?>
<!-- Generated by org.testng.reporters.JUnitXMLReporter -->
<testsuite hostname="NBDLDNBZ062" ignored="0" name="Test" tests="1" failures="0" timestamp="2020-01-16T14:33:23 EST" time="0.075" errors="0">
  <testcase name="@BeforeTest intialize" time="0.014" classname="Test.otaSetup">
    <failure type="java.lang.NullPointerException">
      <![CDATA[java.lang.NullPointerException
at Utilities.LoginTest.HomePage(LoginTest.java:29)
at Test.otaSetup.intialize(otaSetup.java:28)
... Removed 24 stack frames]]>
    </failure>
  </testcase> <!-- @BeforeTest intialize -->
  <testcase name="otasetupPg" time="0.0" classname="Test.otaSetup">
    <skipped/>
  </testcase> <!-- otasetupPg -->
</testsuite> <!-- Test -->
